<?xml version="1.0" encoding="UTF-8"?>
<testng-results ignored="0" total="2" passed="2" failed="0" skipped="0">
  <reporter-output>
  </reporter-output>
  <suite started-at="2024-08-02T16:38:14 IST" name="Default suite" finished-at="2024-08-02T16:38:14 IST" duration-ms="81">
    <groups>
    </groups>
    <test started-at="2024-08-02T16:38:14 IST" name="Default test" finished-at="2024-08-02T16:38:14 IST" duration-ms="81">
      <class name="JavaStream.JavaStrems">
        <test-method signature="Streams()[pri:0, instance:JavaStream.JavaStrems@38d8f54a]" started-at="2024-08-02T16:38:14 IST" name="Streams" finished-at="2024-08-02T16:38:14 IST" duration-ms="23" status="PASS">
          <reporter-output>
          </reporter-output>
        </test-method> <!-- Streams -->
        <test-method signature="regular()[pri:0, instance:JavaStream.JavaStrems@38d8f54a]" started-at="2024-08-02T16:38:14 IST" name="regular" finished-at="2024-08-02T16:38:14 IST" duration-ms="2" status="PASS">
          <reporter-output>
          </reporter-output>
        </test-method> <!-- regular -->
      </class> <!-- JavaStream.JavaStrems -->
    </test> <!-- Default test -->
  </suite> <!-- Default suite -->
</testng-results>
